  Compiling CUDA source file topicRecognitionp3.cu...
  
  C:\Users\Mohammed Aashyk\Documents\Visual Studio 2015\Projects\Topic Recognition - Copy\Topic Recognition>"C:\Program Files\NVIDIA GPU Computing Toolkit\CUDA\v8.0\bin\nvcc.exe" -gencode=arch=compute_50,code=\"sm_50,compute_50\" -gencode=arch=compute_20,code=\"sm_20,compute_20\" --use-local-env --cl-version 2015 -ccbin "C:\Program Files (x86)\Microsoft Visual Studio 14.0\VC\bin\x86_amd64"  -I"C:\Program Files\boost_1_62_0\boost_1_62_0" -I"C:\Program Files\boost_1_62_0\boost_1_62_0\boost" -I"C:\Program Files\boost_1_62_0\boost_1_62_0" -I"C:\Program Files\NVIDIA GPU Computing Toolkit\CUDA\v8.0\include" -I"C:\Program Files\NVIDIA GPU Computing Toolkit\CUDA\v8.0\include"     --keep-dir x64\Release -maxrregcount=0  --machine 64 --compile -cudart shared    -use_fast_math -D_CRT_SECURE_NO_DEPRECATE -D_CRT_NONSTDC_NO_DEPRECATE -D_CRT_SECURE_NO_WARNINGS -DWIN32 -DWIN64 -DNDEBUG -D_CONSOLE -D_MBCS -Xcompiler "/EHsc /W3 /nologo /O2 /FS /Zi  /MD " -o x64\Release\topicRecognitionp3.cu.obj "C:\Users\Mohammed Aashyk\Documents\Visual Studio 2015\Projects\Topic Recognition - Copy\Topic Recognition\topicRecognitionp3.cu" 
C:\Program Files\boost_1_62_0\boost_1_62_0\boost/mpl/bool.hpp(29): warning : "constexpr" is ignored here in Microsoft mode
C:\Program Files\boost_1_62_0\boost_1_62_0\boost/mpl/aux_/integral_wrapper.hpp(80): warning : "constexpr" is ignored here in Microsoft mode
C:\Program Files\boost_1_62_0\boost_1_62_0\boost/type_traits/integral_constant.hpp(70): warning : "constexpr" is ignored here in Microsoft mode
C:\Program Files\boost_1_62_0\boost_1_62_0\boost/type_traits/integral_constant.hpp(95): warning : "constexpr" is ignored here in Microsoft mode
C:\Program Files\boost_1_62_0\boost_1_62_0\boost/utility/base_from_member.hpp(158): warning : "constexpr" is ignored here in Microsoft mode
C:\Program Files\boost_1_62_0\boost_1_62_0\boost/core/noncopyable.hpp(27): warning : "constexpr" is ignored here in Microsoft mode
C:\Program Files\boost_1_62_0\boost_1_62_0\boost/mpl/bool.hpp(29): warning : "constexpr" is ignored here in Microsoft mode
C:\Program Files\boost_1_62_0\boost_1_62_0\boost/mpl/aux_/integral_wrapper.hpp(80): warning : "constexpr" is ignored here in Microsoft mode
C:\Program Files\boost_1_62_0\boost_1_62_0\boost/type_traits/integral_constant.hpp(70): warning : "constexpr" is ignored here in Microsoft mode
C:\Program Files\boost_1_62_0\boost_1_62_0\boost/type_traits/integral_constant.hpp(95): warning : "constexpr" is ignored here in Microsoft mode
C:\Program Files\boost_1_62_0\boost_1_62_0\boost/utility/base_from_member.hpp(158): warning : "constexpr" is ignored here in Microsoft mode
C:\Program Files\boost_1_62_0\boost_1_62_0\boost/core/noncopyable.hpp(27): warning : "constexpr" is ignored here in Microsoft mode
C:\Program Files\boost_1_62_0\boost_1_62_0\boost/mpl/bool.hpp(29): warning : "constexpr" is ignored here in Microsoft mode
C:\Program Files\boost_1_62_0\boost_1_62_0\boost/mpl/aux_/integral_wrapper.hpp(80): warning : "constexpr" is ignored here in Microsoft mode
C:\Program Files\boost_1_62_0\boost_1_62_0\boost/type_traits/integral_constant.hpp(70): warning : "constexpr" is ignored here in Microsoft mode
C:\Program Files\boost_1_62_0\boost_1_62_0\boost/type_traits/integral_constant.hpp(95): warning : "constexpr" is ignored here in Microsoft mode
C:\Program Files\boost_1_62_0\boost_1_62_0\boost/utility/base_from_member.hpp(158): warning : "constexpr" is ignored here in Microsoft mode
C:\Program Files\boost_1_62_0\boost_1_62_0\boost/core/noncopyable.hpp(27): warning : "constexpr" is ignored here in Microsoft mode
CUDACOMPILE : nvcc warning : The 'compute_20', 'sm_20', and 'sm_21' architectures are deprecated, and may be removed in a future release (Use -Wno-deprecated-gpu-targets to suppress warning).
  topicRecognitionp3.cu
C:/Users/Mohammed Aashyk/Documents/Visual Studio 2015/Projects/Topic Recognition - Copy/Topic Recognition/topicRecognitionp3.cu(167): warning C4267: 'initializing': conversion from 'size_t' to 'int', possible loss of data
  Topic Recognition.vcxproj -> C:\Users\Mohammed Aashyk\Documents\Visual Studio 2015\Projects\Topic Recognition - Copy\x64\Release\Topic Recognition.exe
  Topic Recognition.vcxproj -> C:\Users\Mohammed Aashyk\Documents\Visual Studio 2015\Projects\Topic Recognition - Copy\x64\Release\Topic Recognition.pdb (Full PDB)
  copy "C:\Program Files\NVIDIA GPU Computing Toolkit\CUDA\v8.0\bin\cudart*.dll" "C:\Users\Mohammed Aashyk\Documents\Visual Studio 2015\Projects\Topic Recognition - Copy\x64\Release\"
  C:\Program Files\NVIDIA GPU Computing Toolkit\CUDA\v8.0\bin\cudart32_80.dll
  C:\Program Files\NVIDIA GPU Computing Toolkit\CUDA\v8.0\bin\cudart64_80.dll
          2 file(s) copied.
